[1] Verified
[1] profile:
[1] [{"sname":"楊卓耘","program":"資工","grade":"四","status":"s"}]
[1] profile:
[1] [{"sname":"楊卓耘","program":"資工","grade":"四","status":"s"}]
[1] person state:2
[1] person state:2
[1] Redirecting from /auth/Nctu
[1] nCxzb1LRxN1d5FOm0Jw27z9nNyCvNV
[1] Token:rORv45B7bnKJPNn6UXuMn3iReCIKBQ
[1] Profile:{"email": "friedmeow.ac03@nctu.edu.tw", "username": "0312512"}
[1] [{"sname":"楊卓耘","program":"資工","grade":"四","status":"s"}]string
[1] {"email":"friedmeow.ac03@nctu.edu.tw","username":"0312512","personStatus":"s"}
[1] This is a student
[1] Verified
[1] Verified
[1] Verified
[1] profile:
[1] [{"sname":"楊卓耘","program":"資工","grade":"四","status":"s"}]
[1] profile:
[1] [{"sname":"楊卓耘","program":"資工","grade":"四","status":"s"}]
[1] Unverified User
[1] undefined
[1] person state:2
[1] person state:2
[1] person state:2
[1] person state:2
[1] Redirecting from /auth/Nctu
[1] 88eIkIJKP6ERekxw2KnmeV549ADtVq
[1] Token:6X3MURoTHnzfCg7yrRKFPFz7ElkxtA
[1] Profile:{"email": "friedmeow.ac03@nctu.edu.tw", "username": "0312512"}
[1] [{"sname":"楊卓耘","program":"資工","grade":"四","status":"s"}]string
[1] {"email":"friedmeow.ac03@nctu.edu.tw","username":"0312512","personStatus":"s"}
[1] This is a student
[1] Verified
[1] Verified
[1] Verified
[1] profile:
[1] [{"sname":"楊卓耘","program":"資工","grade":"四","status":"s"}]
[1] profile:
[1] [{"sname":"楊卓耘","program":"資工","grade":"四","status":"s"}]
[1] person state:2
[1] person state:2
[1] Redirecting from /auth/Nctu
[1] hvYs5jht3Xg9bEtjupFF0LyAIs5sGS
[1] Token:NERnGmeNSwXNmTvgo3VL9Vyt2PHQdF
[1] Profile:{"email": "friedmeow.ac03@nctu.edu.tw", "username": "0312512"}
[1] [{"sname":"楊卓耘","program":"資工","grade":"四","status":"s"}]string
[1] {"email":"friedmeow.ac03@nctu.edu.tw","username":"0312512","personStatus":"s"}
[1] This is a student
[1] Verified
[1] Verified
[1] Verified
[1] profile:
[1] [{"sname":"楊卓耘","program":"資工","grade":"四","status":"s"}]
[1] profile:
[1] [{"sname":"楊卓耘","program":"資工","grade":"四","status":"s"}]
[1] person state:2
[1] person state:2
[1] person state:2
[1] person state:2
[1] person state:2
[1] person state:2
[1] person state:2
[1] person state:2
[1] Redirecting from /auth/Nctu
[1] X8zKmRV0tk4wuwykxF3bIc3OAfwnJP
[1] Token:bcYSSDyXBw2EDawhKYbxtQ4Wura5vI
[1] Profile:{"email": "friedmeow.ac03@nctu.edu.tw", "username": "0312512"}
[1] [{"sname":"楊卓耘","program":"資工","grade":"四","status":"s"}]string
[1] {"email":"friedmeow.ac03@nctu.edu.tw","username":"0312512","personStatus":"s"}
[1] This is a student
[1] Verified
[1] Verified
[1] profile:
[1] [{"sname":"楊卓耘","program":"資工","grade":"四","status":"s"}]
[1] Verified
[1] profile:
[1] [{"sname":"楊卓耘","program":"資工","grade":"四","status":"s"}]
[1] Redirecting from /auth/Nctu
[1] zxtjQ9U8FXQ6Y7F863Q4FKTmGQrWRa
[1] Token:sYbF3PLW6TvMUo9zdEtH3nyHb8iRgF
[1] Profile:{"email": "friedmeow.ac03@nctu.edu.tw", "username": "0312512"}
[1] [{"sname":"楊卓耘","program":"資工","grade":"四","status":"s"}]string
[1] {"email":"friedmeow.ac03@nctu.edu.tw","username":"0312512","personStatus":"s"}
[1] This is a student
[1] Verified
[1] Verified
[1] Verified
[1] profile:
[1] [{"sname":"楊卓耘","program":"資工","grade":"四","status":"s"}]
[1] profile:
[1] [{"sname":"楊卓耘","program":"資工","grade":"四","status":"s"}]
[1] Verified
[1] person state:0
[1] person state:0
[1] person state:2
[1] person state:2
[1] person state:0
[1] person state:0
[1] person state:2
[1] person state:2
